{"C:\\Users\\ravi.lima\\PROJETO VENDAS\\vendas-online-web\\src\\App.tsx": {"path":"C:\\Users\\ravi.lima\\PROJETO VENDAS\\vendas-online-web\\src\\App.tsx","statementMap":{"0":{"start":{"line":16,"column":32},"end":{"line":16,"column":48}},"1":{"start":{"line":17,"column":40},"end":{"line":24,"column":7}},"2":{"start":{"line":21,"column":20},"end":{"line":24,"column":5}},"3":{"start":{"line":26,"column":17},"end":{"line":26,"column":69}},"4":{"start":{"line":31,"column":28},"end":{"line":31,"column":45}},"5":{"start":{"line":32,"column":22},"end":{"line":32,"column":40}},"6":{"start":{"line":33,"column":22},"end":{"line":33,"column":35}},"7":{"start":{"line":35,"column":2},"end":{"line":40,"column":9}},"8":{"start":{"line":36,"column":18},"end":{"line":36,"column":41}},"9":{"start":{"line":37,"column":4},"end":{"line":39,"column":5}},"10":{"start":{"line":38,"column":4},"end":{"line":38,"column":48}},"11":{"start":{"line":42,"column":2},"end":{"line":47,"column":4}}},"fnMap":{"0":{"name":"(anonymous_0)","decl":{"start":{"line":21,"column":8},"end":{"line":21,"column":9}},"loc":{"start":{"line":21,"column":20},"end":{"line":24,"column":5}},"line":21},"1":{"name":"App","decl":{"start":{"line":30,"column":9},"end":{"line":30,"column":12}},"loc":{"start":{"line":30,"column":15},"end":{"line":48,"column":1}},"line":30},"2":{"name":"(anonymous_2)","decl":{"start":{"line":35,"column":12},"end":{"line":35,"column":13}},"loc":{"start":{"line":35,"column":18},"end":{"line":40,"column":3}},"line":35}},"branchMap":{"0":{"loc":{"start":{"line":37,"column":4},"end":{"line":39,"column":5}},"type":"if","locations":[{"start":{"line":37,"column":4},"end":{"line":39,"column":5}},{"start":{},"end":{}}],"line":37}},"s":{"0":0,"1":0,"2":0,"3":0,"4":0,"5":0,"6":0,"7":0,"8":0,"9":0,"10":0,"11":0},"f":{"0":0,"1":0,"2":0},"b":{"0":[0,0]}}
,"C:\\Users\\ravi.lima\\PROJETO VENDAS\\vendas-online-web\\src\\main.tsx": {"path":"C:\\Users\\ravi.lima\\PROJETO VENDAS\\vendas-online-web\\src\\main.tsx","statementMap":{"0":{"start":{"line":10,"column":0},"end":{"line":14,"column":2}}},"fnMap":{},"branchMap":{},"s":{"0":0},"f":{},"b":{}}
,"C:\\Users\\ravi.lima\\PROJETO VENDAS\\vendas-online-web\\src\\modules\\category\\index.ts": {"path":"C:\\Users\\ravi.lima\\PROJETO VENDAS\\vendas-online-web\\src\\modules\\category\\index.ts","statementMap":{},"fnMap":{},"branchMap":{},"s":{},"f":{},"b":{}}
,"C:\\Users\\ravi.lima\\PROJETO VENDAS\\vendas-online-web\\src\\modules\\category\\routes.tsx": {"path":"C:\\Users\\ravi.lima\\PROJETO VENDAS\\vendas-online-web\\src\\modules\\category\\routes.tsx","statementMap":{"0":{"start":{"line":11,"column":46},"end":{"line":20,"column":3}}},"fnMap":{},"branchMap":{},"s":{"0":0},"f":{},"b":{}}
,"C:\\Users\\ravi.lima\\PROJETO VENDAS\\vendas-online-web\\src\\modules\\category\\hooks\\useCategory.ts": {"path":"C:\\Users\\ravi.lima\\PROJETO VENDAS\\vendas-online-web\\src\\modules\\category\\hooks\\useCategory.ts","statementMap":{"0":{"start":{"line":7,"column":27},"end":{"line":38,"column":1}},"1":{"start":{"line":8,"column":42},"end":{"line":8,"column":62}},"2":{"start":{"line":9,"column":56},"end":{"line":9,"column":76}},"3":{"start":{"line":10,"column":24},"end":{"line":10,"column":37}},"4":{"start":{"line":12,"column":4},"end":{"line":16,"column":11}},"5":{"start":{"line":13,"column":8},"end":{"line":15,"column":9}},"6":{"start":{"line":14,"column":12},"end":{"line":14,"column":66}},"7":{"start":{"line":18,"column":4},"end":{"line":20,"column":21}},"8":{"start":{"line":19,"column":8},"end":{"line":19,"column":46}},"9":{"start":{"line":22,"column":33},"end":{"line":32,"column":5}},"10":{"start":{"line":23,"column":8},"end":{"line":31,"column":9}},"11":{"start":{"line":24,"column":12},"end":{"line":24,"column":50}},"12":{"start":{"line":26,"column":12},"end":{"line":30,"column":11}},"13":{"start":{"line":28,"column":20},"end":{"line":28,"column":77}},"14":{"start":{"line":34,"column":4},"end":{"line":37,"column":6}}},"fnMap":{"0":{"name":"(anonymous_0)","decl":{"start":{"line":7,"column":27},"end":{"line":7,"column":28}},"loc":{"start":{"line":7,"column":33},"end":{"line":38,"column":1}},"line":7},"1":{"name":"(anonymous_1)","decl":{"start":{"line":12,"column":14},"end":{"line":12,"column":15}},"loc":{"start":{"line":12,"column":20},"end":{"line":16,"column":5}},"line":12},"2":{"name":"(anonymous_2)","decl":{"start":{"line":18,"column":14},"end":{"line":18,"column":15}},"loc":{"start":{"line":18,"column":20},"end":{"line":20,"column":5}},"line":18},"3":{"name":"(anonymous_3)","decl":{"start":{"line":22,"column":33},"end":{"line":22,"column":34}},"loc":{"start":{"line":22,"column":52},"end":{"line":32,"column":5}},"line":22},"4":{"name":"(anonymous_4)","decl":{"start":{"line":27,"column":45},"end":{"line":27,"column":46}},"loc":{"start":{"line":28,"column":20},"end":{"line":28,"column":77}},"line":28}},"branchMap":{"0":{"loc":{"start":{"line":13,"column":8},"end":{"line":15,"column":9}},"type":"if","locations":[{"start":{"line":13,"column":8},"end":{"line":15,"column":9}},{"start":{},"end":{}}],"line":13},"1":{"loc":{"start":{"line":13,"column":12},"end":{"line":13,"column":50}},"type":"binary-expr","locations":[{"start":{"line":13,"column":12},"end":{"line":13,"column":23}},{"start":{"line":13,"column":27},"end":{"line":13,"column":50}}],"line":13},"2":{"loc":{"start":{"line":23,"column":8},"end":{"line":31,"column":9}},"type":"if","locations":[{"start":{"line":23,"column":8},"end":{"line":31,"column":9}},{"start":{"line":25,"column":14},"end":{"line":31,"column":9}}],"line":23}},"s":{"0":0,"1":0,"2":0,"3":0,"4":0,"5":0,"6":0,"7":0,"8":0,"9":0,"10":0,"11":0,"12":0,"13":0,"14":0},"f":{"0":0,"1":0,"2":0,"3":0,"4":0},"b":{"0":[0,0],"1":[0,0],"2":[0,0]}}
,"C:\\Users\\ravi.lima\\PROJETO VENDAS\\vendas-online-web\\src\\modules\\category\\hooks\\useInsertCategory.ts": {"path":"C:\\Users\\ravi.lima\\PROJETO VENDAS\\vendas-online-web\\src\\modules\\category\\hooks\\useInsertCategory.ts","statementMap":{"0":{"start":{"line":9,"column":34},"end":{"line":48,"column":1}},"1":{"start":{"line":10,"column":28},"end":{"line":10,"column":40}},"2":{"start":{"line":11,"column":21},"end":{"line":11,"column":34}},"3":{"start":{"line":12,"column":34},"end":{"line":12,"column":49}},"4":{"start":{"line":13,"column":48},"end":{"line":13,"column":62}},"5":{"start":{"line":14,"column":24},"end":{"line":14,"column":37}},"6":{"start":{"line":15,"column":30},"end":{"line":15,"column":50}},"7":{"start":{"line":18,"column":4},"end":{"line":24,"column":15}},"8":{"start":{"line":19,"column":8},"end":{"line":23,"column":9}},"9":{"start":{"line":20,"column":12},"end":{"line":20,"column":36}},"10":{"start":{"line":22,"column":12},"end":{"line":22,"column":37}},"11":{"start":{"line":26,"column":27},"end":{"line":34,"column":5}},"12":{"start":{"line":27,"column":8},"end":{"line":27,"column":25}},"13":{"start":{"line":28,"column":8},"end":{"line":28,"column":74}},"14":{"start":{"line":29,"column":8},"end":{"line":29,"column":67}},"15":{"start":{"line":30,"column":8},"end":{"line":30,"column":26}},"16":{"start":{"line":31,"column":8},"end":{"line":31,"column":46}},"17":{"start":{"line":36,"column":29},"end":{"line":38,"column":5}},"18":{"start":{"line":37,"column":8},"end":{"line":37,"column":35}},"19":{"start":{"line":41,"column":4},"end":{"line":47,"column":6}}},"fnMap":{"0":{"name":"(anonymous_0)","decl":{"start":{"line":9,"column":34},"end":{"line":9,"column":35}},"loc":{"start":{"line":9,"column":40},"end":{"line":48,"column":1}},"line":9},"1":{"name":"(anonymous_1)","decl":{"start":{"line":18,"column":14},"end":{"line":18,"column":15}},"loc":{"start":{"line":18,"column":20},"end":{"line":24,"column":5}},"line":18},"2":{"name":"(anonymous_2)","decl":{"start":{"line":26,"column":27},"end":{"line":26,"column":28}},"loc":{"start":{"line":26,"column":39},"end":{"line":34,"column":5}},"line":26},"3":{"name":"(anonymous_3)","decl":{"start":{"line":36,"column":29},"end":{"line":36,"column":30}},"loc":{"start":{"line":36,"column":77},"end":{"line":38,"column":5}},"line":36}},"branchMap":{"0":{"loc":{"start":{"line":19,"column":8},"end":{"line":23,"column":9}},"type":"if","locations":[{"start":{"line":19,"column":8},"end":{"line":23,"column":9}},{"start":{"line":21,"column":13},"end":{"line":23,"column":9}}],"line":19}},"s":{"0":0,"1":0,"2":0,"3":0,"4":0,"5":0,"6":0,"7":0,"8":0,"9":0,"10":0,"11":0,"12":0,"13":0,"14":0,"15":0,"16":0,"17":0,"18":0,"19":0},"f":{"0":0,"1":0,"2":0,"3":0},"b":{"0":[0,0]}}
,"C:\\Users\\ravi.lima\\PROJETO VENDAS\\vendas-online-web\\src\\modules\\category\\screens\\Category.tsx": {"path":"C:\\Users\\ravi.lima\\PROJETO VENDAS\\vendas-online-web\\src\\modules\\category\\screens\\Category.tsx","statementMap":{"0":{"start":{"line":13,"column":19},"end":{"line":13,"column":24}},"1":{"start":{"line":15,"column":42},"end":{"line":35,"column":1}},"2":{"start":{"line":20,"column":22},"end":{"line":20,"column":35}},"3":{"start":{"line":26,"column":22},"end":{"line":26,"column":50}},"4":{"start":{"line":27,"column":22},"end":{"line":27,"column":35}},"5":{"start":{"line":33,"column":22},"end":{"line":33,"column":35}},"6":{"start":{"line":37,"column":17},"end":{"line":70,"column":1}},"7":{"start":{"line":38,"column":49},"end":{"line":38,"column":62}},"8":{"start":{"line":39,"column":21},"end":{"line":39,"column":34}},"9":{"start":{"line":41,"column":34},"end":{"line":43,"column":5}},"10":{"start":{"line":42,"column":8},"end":{"line":42,"column":52}},"11":{"start":{"line":45,"column":4},"end":{"line":69,"column":6}}},"fnMap":{"0":{"name":"(anonymous_0)","decl":{"start":{"line":20,"column":12},"end":{"line":20,"column":13}},"loc":{"start":{"line":20,"column":22},"end":{"line":20,"column":35}},"line":20},"1":{"name":"(anonymous_1)","decl":{"start":{"line":26,"column":12},"end":{"line":26,"column":13}},"loc":{"start":{"line":26,"column":22},"end":{"line":26,"column":50}},"line":26},"2":{"name":"(anonymous_2)","decl":{"start":{"line":27,"column":12},"end":{"line":27,"column":13}},"loc":{"start":{"line":27,"column":22},"end":{"line":27,"column":35}},"line":27},"3":{"name":"(anonymous_3)","decl":{"start":{"line":33,"column":12},"end":{"line":33,"column":13}},"loc":{"start":{"line":33,"column":22},"end":{"line":33,"column":35}},"line":33},"4":{"name":"(anonymous_4)","decl":{"start":{"line":37,"column":17},"end":{"line":37,"column":18}},"loc":{"start":{"line":37,"column":23},"end":{"line":70,"column":1}},"line":37},"5":{"name":"(anonymous_5)","decl":{"start":{"line":41,"column":34},"end":{"line":41,"column":35}},"loc":{"start":{"line":41,"column":40},"end":{"line":43,"column":5}},"line":41}},"branchMap":{},"s":{"0":0,"1":0,"2":0,"3":0,"4":0,"5":0,"6":0,"7":0,"8":0,"9":0,"10":0,"11":0},"f":{"0":0,"1":0,"2":0,"3":0,"4":0,"5":0},"b":{}}
,"C:\\Users\\ravi.lima\\PROJETO VENDAS\\vendas-online-web\\src\\modules\\category\\screens\\CategoryInsert.tsx": {"path":"C:\\Users\\ravi.lima\\PROJETO VENDAS\\vendas-online-web\\src\\modules\\category\\screens\\CategoryInsert.tsx","statementMap":{"0":{"start":{"line":10,"column":23},"end":{"line":61,"column":1}},"1":{"start":{"line":12,"column":81},"end":{"line":12,"column":101}},"2":{"start":{"line":13,"column":21},"end":{"line":13,"column":34}},"3":{"start":{"line":15,"column":32},"end":{"line":17,"column":5}},"4":{"start":{"line":16,"column":8},"end":{"line":16,"column":45}},"5":{"start":{"line":19,"column":4},"end":{"line":60,"column":6}}},"fnMap":{"0":{"name":"(anonymous_0)","decl":{"start":{"line":10,"column":23},"end":{"line":10,"column":24}},"loc":{"start":{"line":10,"column":29},"end":{"line":61,"column":1}},"line":10},"1":{"name":"(anonymous_1)","decl":{"start":{"line":15,"column":32},"end":{"line":15,"column":33}},"loc":{"start":{"line":15,"column":38},"end":{"line":17,"column":5}},"line":15}},"branchMap":{},"s":{"0":0,"1":0,"2":0,"3":0,"4":0,"5":0},"f":{"0":0,"1":0},"b":{}}
,"C:\\Users\\ravi.lima\\PROJETO VENDAS\\vendas-online-web\\src\\modules\\firstScreen\\index.ts": {"path":"C:\\Users\\ravi.lima\\PROJETO VENDAS\\vendas-online-web\\src\\modules\\firstScreen\\index.ts","statementMap":{},"fnMap":{},"branchMap":{},"s":{},"f":{},"b":{}}
,"C:\\Users\\ravi.lima\\PROJETO VENDAS\\vendas-online-web\\src\\modules\\firstScreen\\routes.tsx": {"path":"C:\\Users\\ravi.lima\\PROJETO VENDAS\\vendas-online-web\\src\\modules\\firstScreen\\routes.tsx","statementMap":{"0":{"start":{"line":10,"column":48},"end":{"line":16,"column":3}}},"fnMap":{},"branchMap":{},"s":{"0":0},"f":{},"b":{}}
,"C:\\Users\\ravi.lima\\PROJETO VENDAS\\vendas-online-web\\src\\modules\\firstScreen\\screens\\FirstScreen.tsx": {"path":"C:\\Users\\ravi.lima\\PROJETO VENDAS\\vendas-online-web\\src\\modules\\firstScreen\\screens\\FirstScreen.tsx","statementMap":{"0":{"start":{"line":7,"column":20},"end":{"line":18,"column":1}},"1":{"start":{"line":8,"column":21},"end":{"line":8,"column":39}},"2":{"start":{"line":9,"column":17},"end":{"line":9,"column":30}},"3":{"start":{"line":11,"column":4},"end":{"line":15,"column":15}},"4":{"start":{"line":12,"column":8},"end":{"line":14,"column":9}},"5":{"start":{"line":13,"column":12},"end":{"line":13,"column":47}},"6":{"start":{"line":17,"column":4},"end":{"line":17,"column":20}}},"fnMap":{"0":{"name":"(anonymous_0)","decl":{"start":{"line":7,"column":20},"end":{"line":7,"column":21}},"loc":{"start":{"line":7,"column":26},"end":{"line":18,"column":1}},"line":7},"1":{"name":"(anonymous_1)","decl":{"start":{"line":11,"column":14},"end":{"line":11,"column":15}},"loc":{"start":{"line":11,"column":20},"end":{"line":15,"column":5}},"line":11}},"branchMap":{"0":{"loc":{"start":{"line":12,"column":8},"end":{"line":14,"column":9}},"type":"if","locations":[{"start":{"line":12,"column":8},"end":{"line":14,"column":9}},{"start":{},"end":{}}],"line":12}},"s":{"0":0,"1":0,"2":0,"3":0,"4":0,"5":0,"6":0},"f":{"0":0,"1":0},"b":{"0":[0,0]}}
,"C:\\Users\\ravi.lima\\PROJETO VENDAS\\vendas-online-web\\src\\modules\\firstScreen\\screens\\PageNotFound.tsx": {"path":"C:\\Users\\ravi.lima\\PROJETO VENDAS\\vendas-online-web\\src\\modules\\firstScreen\\screens\\PageNotFound.tsx","statementMap":{"0":{"start":{"line":7,"column":21},"end":{"line":24,"column":1}},"1":{"start":{"line":8,"column":21},"end":{"line":8,"column":34}},"2":{"start":{"line":10,"column":32},"end":{"line":12,"column":5}},"3":{"start":{"line":11,"column":8},"end":{"line":11,"column":39}},"4":{"start":{"line":13,"column":4},"end":{"line":23,"column":6}}},"fnMap":{"0":{"name":"(anonymous_0)","decl":{"start":{"line":7,"column":21},"end":{"line":7,"column":22}},"loc":{"start":{"line":7,"column":27},"end":{"line":24,"column":1}},"line":7},"1":{"name":"(anonymous_1)","decl":{"start":{"line":10,"column":32},"end":{"line":10,"column":33}},"loc":{"start":{"line":10,"column":38},"end":{"line":12,"column":5}},"line":10}},"branchMap":{},"s":{"0":0,"1":0,"2":0,"3":0,"4":0},"f":{"0":0,"1":0},"b":{}}
,"C:\\Users\\ravi.lima\\PROJETO VENDAS\\vendas-online-web\\src\\modules\\firstScreen\\styles\\pageNotFound.styles.ts": {"path":"C:\\Users\\ravi.lima\\PROJETO VENDAS\\vendas-online-web\\src\\modules\\firstScreen\\styles\\pageNotFound.styles.ts","statementMap":{"0":{"start":{"line":3,"column":37},"end":{"line":8,"column":1}}},"fnMap":{},"branchMap":{},"s":{"0":0},"f":{},"b":{}}
,"C:\\Users\\ravi.lima\\PROJETO VENDAS\\vendas-online-web\\src\\modules\\login\\index.ts": {"path":"C:\\Users\\ravi.lima\\PROJETO VENDAS\\vendas-online-web\\src\\modules\\login\\index.ts","statementMap":{},"fnMap":{},"branchMap":{},"s":{},"f":{},"b":{}}
,"C:\\Users\\ravi.lima\\PROJETO VENDAS\\vendas-online-web\\src\\modules\\login\\routes.tsx": {"path":"C:\\Users\\ravi.lima\\PROJETO VENDAS\\vendas-online-web\\src\\modules\\login\\routes.tsx","statementMap":{"0":{"start":{"line":10,"column":42},"end":{"line":15,"column":3}}},"fnMap":{},"branchMap":{},"s":{"0":0},"f":{},"b":{}}
,"C:\\Users\\ravi.lima\\PROJETO VENDAS\\vendas-online-web\\src\\modules\\login\\screens\\LoginScreen.tsx": {"path":"C:\\Users\\ravi.lima\\PROJETO VENDAS\\vendas-online-web\\src\\modules\\login\\screens\\LoginScreen.tsx","statementMap":{"0":{"start":{"line":17,"column":20},"end":{"line":63,"column":1}},"1":{"start":{"line":18,"column":21},"end":{"line":18,"column":34}},"2":{"start":{"line":19,"column":30},"end":{"line":19,"column":42}},"3":{"start":{"line":20,"column":36},"end":{"line":20,"column":48}},"4":{"start":{"line":21,"column":37},"end":{"line":21,"column":50}},"5":{"start":{"line":23,"column":24},"end":{"line":25,"column":5}},"6":{"start":{"line":24,"column":8},"end":{"line":24,"column":37}},"7":{"start":{"line":27,"column":27},"end":{"line":29,"column":5}},"8":{"start":{"line":28,"column":8},"end":{"line":28,"column":40}},"9":{"start":{"line":31,"column":24},"end":{"line":36,"column":5}},"10":{"start":{"line":32,"column":8},"end":{"line":35,"column":11}},"11":{"start":{"line":39,"column":4},"end":{"line":62,"column":6}}},"fnMap":{"0":{"name":"(anonymous_0)","decl":{"start":{"line":17,"column":20},"end":{"line":17,"column":21}},"loc":{"start":{"line":17,"column":26},"end":{"line":63,"column":1}},"line":17},"1":{"name":"(anonymous_1)","decl":{"start":{"line":23,"column":24},"end":{"line":23,"column":25}},"loc":{"start":{"line":23,"column":72},"end":{"line":25,"column":5}},"line":23},"2":{"name":"(anonymous_2)","decl":{"start":{"line":27,"column":27},"end":{"line":27,"column":28}},"loc":{"start":{"line":27,"column":75},"end":{"line":29,"column":5}},"line":27},"3":{"name":"(anonymous_3)","decl":{"start":{"line":31,"column":24},"end":{"line":31,"column":25}},"loc":{"start":{"line":31,"column":30},"end":{"line":36,"column":5}},"line":31}},"branchMap":{},"s":{"0":0,"1":0,"2":0,"3":0,"4":0,"5":0,"6":0,"7":0,"8":0,"9":0,"10":0,"11":0},"f":{"0":0,"1":0,"2":0,"3":0},"b":{}}
,"C:\\Users\\ravi.lima\\PROJETO VENDAS\\vendas-online-web\\src\\modules\\login\\styles\\loginScreen.styles.ts": {"path":"C:\\Users\\ravi.lima\\PROJETO VENDAS\\vendas-online-web\\src\\modules\\login\\styles\\loginScreen.styles.ts","statementMap":{"0":{"start":{"line":5,"column":18},"end":{"line":5,"column":28}},"1":{"start":{"line":8,"column":36},"end":{"line":12,"column":1}},"2":{"start":{"line":13,"column":31},"end":{"line":21,"column":5}},"3":{"start":{"line":23,"column":26},"end":{"line":25,"column":1}},"4":{"start":{"line":27,"column":30},"end":{"line":36,"column":5}},"5":{"start":{"line":38,"column":32},"end":{"line":45,"column":1}}},"fnMap":{},"branchMap":{},"s":{"0":0,"1":0,"2":0,"3":0,"4":0,"5":0},"f":{},"b":{}}
,"C:\\Users\\ravi.lima\\PROJETO VENDAS\\vendas-online-web\\src\\modules\\login\\types\\AuthType.ts": {"path":"C:\\Users\\ravi.lima\\PROJETO VENDAS\\vendas-online-web\\src\\modules\\login\\types\\AuthType.ts","statementMap":{},"fnMap":{},"branchMap":{},"s":{},"f":{},"b":{}}
,"C:\\Users\\ravi.lima\\PROJETO VENDAS\\vendas-online-web\\src\\modules\\login\\types\\UserType.ts": {"path":"C:\\Users\\ravi.lima\\PROJETO VENDAS\\vendas-online-web\\src\\modules\\login\\types\\UserType.ts","statementMap":{},"fnMap":{},"branchMap":{},"s":{},"f":{},"b":{}}
,"C:\\Users\\ravi.lima\\PROJETO VENDAS\\vendas-online-web\\src\\modules\\product\\routes.tsx": {"path":"C:\\Users\\ravi.lima\\PROJETO VENDAS\\vendas-online-web\\src\\modules\\product\\routes.tsx","statementMap":{"0":{"start":{"line":11,"column":44},"end":{"line":20,"column":3}}},"fnMap":{},"branchMap":{},"s":{"0":0},"f":{},"b":{}}
,"C:\\Users\\ravi.lima\\PROJETO VENDAS\\vendas-online-web\\src\\modules\\product\\components\\CategoryColumn.tsx": {"path":"C:\\Users\\ravi.lima\\PROJETO VENDAS\\vendas-online-web\\src\\modules\\product\\components\\CategoryColumn.tsx","statementMap":{"0":{"start":{"line":8,"column":25},"end":{"line":20,"column":1}},"1":{"start":{"line":22,"column":23},"end":{"line":30,"column":1}},"2":{"start":{"line":23,"column":4},"end":{"line":25,"column":5}},"3":{"start":{"line":24,"column":8},"end":{"line":24,"column":20}},"4":{"start":{"line":26,"column":25},"end":{"line":26,"column":61}},"5":{"start":{"line":28,"column":4},"end":{"line":28,"column":59}}},"fnMap":{"0":{"name":"(anonymous_0)","decl":{"start":{"line":22,"column":23},"end":{"line":22,"column":24}},"loc":{"start":{"line":22,"column":62},"end":{"line":30,"column":1}},"line":22}},"branchMap":{"0":{"loc":{"start":{"line":23,"column":4},"end":{"line":25,"column":5}},"type":"if","locations":[{"start":{"line":23,"column":4},"end":{"line":25,"column":5}},{"start":{},"end":{}}],"line":23},"1":{"loc":{"start":{"line":26,"column":25},"end":{"line":26,"column":61}},"type":"binary-expr","locations":[{"start":{"line":26,"column":25},"end":{"line":26,"column":48}},{"start":{"line":26,"column":52},"end":{"line":26,"column":61}}],"line":26}},"s":{"0":0,"1":0,"2":0,"3":0,"4":0,"5":0},"f":{"0":0},"b":{"0":[0,0],"1":[0,0]}}
,"C:\\Users\\ravi.lima\\PROJETO VENDAS\\vendas-online-web\\src\\modules\\product\\components\\TooltipImage.tsx": {"path":"C:\\Users\\ravi.lima\\PROJETO VENDAS\\vendas-online-web\\src\\modules\\product\\components\\TooltipImage.tsx","statementMap":{"0":{"start":{"line":9,"column":21},"end":{"line":17,"column":1}},"1":{"start":{"line":11,"column":4},"end":{"line":16,"column":6}}},"fnMap":{"0":{"name":"(anonymous_0)","decl":{"start":{"line":9,"column":21},"end":{"line":9,"column":22}},"loc":{"start":{"line":9,"column":57},"end":{"line":17,"column":1}},"line":9}},"branchMap":{},"s":{"0":0,"1":0},"f":{"0":0},"b":{}}
,"C:\\Users\\ravi.lima\\PROJETO VENDAS\\vendas-online-web\\src\\modules\\product\\hooks\\useInsertProduct.ts": {"path":"C:\\Users\\ravi.lima\\PROJETO VENDAS\\vendas-online-web\\src\\modules\\product\\hooks\\useInsertProduct.ts","statementMap":{"0":{"start":{"line":9,"column":33},"end":{"line":66,"column":1}},"1":{"start":{"line":10,"column":32},"end":{"line":10,"column":50}},"2":{"start":{"line":11,"column":21},"end":{"line":11,"column":34}},"3":{"start":{"line":12,"column":34},"end":{"line":12,"column":49}},"4":{"start":{"line":13,"column":47},"end":{"line":13,"column":61}},"5":{"start":{"line":14,"column":34},"end":{"line":18,"column":6}},"6":{"start":{"line":20,"column":4},"end":{"line":26,"column":18}},"7":{"start":{"line":21,"column":8},"end":{"line":25,"column":9}},"8":{"start":{"line":22,"column":12},"end":{"line":22,"column":36}},"9":{"start":{"line":24,"column":12},"end":{"line":24,"column":36}},"10":{"start":{"line":28,"column":26},"end":{"line":36,"column":9}},"11":{"start":{"line":32,"column":12},"end":{"line":35,"column":15}},"12":{"start":{"line":38,"column":35},"end":{"line":43,"column":9}},"13":{"start":{"line":39,"column":12},"end":{"line":42,"column":15}},"14":{"start":{"line":45,"column":32},"end":{"line":56,"column":13}},"15":{"start":{"line":46,"column":8},"end":{"line":46,"column":25}},"16":{"start":{"line":47,"column":12},"end":{"line":54,"column":19}},"17":{"start":{"line":49,"column":20},"end":{"line":49,"column":91}},"18":{"start":{"line":50,"column":20},"end":{"line":50,"column":55}},"19":{"start":{"line":53,"column":20},"end":{"line":53,"column":60}},"20":{"start":{"line":55,"column":16},"end":{"line":55,"column":34}},"21":{"start":{"line":58,"column":4},"end":{"line":65,"column":6}}},"fnMap":{"0":{"name":"(anonymous_0)","decl":{"start":{"line":9,"column":33},"end":{"line":9,"column":34}},"loc":{"start":{"line":9,"column":39},"end":{"line":66,"column":1}},"line":9},"1":{"name":"(anonymous_1)","decl":{"start":{"line":20,"column":14},"end":{"line":20,"column":15}},"loc":{"start":{"line":20,"column":20},"end":{"line":26,"column":5}},"line":20},"2":{"name":"(anonymous_2)","decl":{"start":{"line":28,"column":26},"end":{"line":28,"column":27}},"loc":{"start":{"line":31,"column":13},"end":{"line":36,"column":9}},"line":31},"3":{"name":"(anonymous_3)","decl":{"start":{"line":38,"column":35},"end":{"line":38,"column":36}},"loc":{"start":{"line":38,"column":54},"end":{"line":43,"column":9}},"line":38},"4":{"name":"(anonymous_4)","decl":{"start":{"line":45,"column":32},"end":{"line":45,"column":33}},"loc":{"start":{"line":45,"column":44},"end":{"line":56,"column":13}},"line":45},"5":{"name":"(anonymous_5)","decl":{"start":{"line":48,"column":22},"end":{"line":48,"column":23}},"loc":{"start":{"line":48,"column":28},"end":{"line":51,"column":17}},"line":48},"6":{"name":"(anonymous_6)","decl":{"start":{"line":52,"column":23},"end":{"line":52,"column":24}},"loc":{"start":{"line":52,"column":41},"end":{"line":54,"column":17}},"line":52}},"branchMap":{"0":{"loc":{"start":{"line":21,"column":8},"end":{"line":25,"column":9}},"type":"if","locations":[{"start":{"line":21,"column":8},"end":{"line":25,"column":9}},{"start":{"line":23,"column":15},"end":{"line":25,"column":9}}],"line":21},"1":{"loc":{"start":{"line":21,"column":12},"end":{"line":21,"column":84}},"type":"binary-expr","locations":[{"start":{"line":21,"column":12},"end":{"line":21,"column":24}},{"start":{"line":21,"column":28},"end":{"line":21,"column":46}},{"start":{"line":21,"column":50},"end":{"line":21,"column":63}},{"start":{"line":21,"column":67},"end":{"line":21,"column":84}}],"line":21},"2":{"loc":{"start":{"line":34,"column":30},"end":{"line":34,"column":88}},"type":"cond-expr","locations":[{"start":{"line":34,"column":41},"end":{"line":34,"column":67}},{"start":{"line":34,"column":70},"end":{"line":34,"column":88}}],"line":34}},"s":{"0":0,"1":0,"2":0,"3":0,"4":0,"5":0,"6":0,"7":0,"8":0,"9":0,"10":0,"11":0,"12":0,"13":0,"14":0,"15":0,"16":0,"17":0,"18":0,"19":0,"20":0,"21":0},"f":{"0":0,"1":0,"2":0,"3":0,"4":0,"5":0,"6":0},"b":{"0":[0,0],"1":[0,0,0,0],"2":[0,0]}}
,"C:\\Users\\ravi.lima\\PROJETO VENDAS\\vendas-online-web\\src\\modules\\product\\screens\\Product.tsx": {"path":"C:\\Users\\ravi.lima\\PROJETO VENDAS\\vendas-online-web\\src\\modules\\product\\screens\\Product.tsx","statementMap":{"0":{"start":{"line":21,"column":19},"end":{"line":21,"column":24}},"1":{"start":{"line":23,"column":42},"end":{"line":50,"column":1}},"2":{"start":{"line":28,"column":28},"end":{"line":28,"column":62}},"3":{"start":{"line":34,"column":22},"end":{"line":34,"column":50}},"4":{"start":{"line":35,"column":22},"end":{"line":35,"column":35}},"5":{"start":{"line":41,"column":28},"end":{"line":41,"column":73}},"6":{"start":{"line":47,"column":28},"end":{"line":47,"column":72}},"7":{"start":{"line":53,"column":16},"end":{"line":107,"column":1}},"8":{"start":{"line":54,"column":37},"end":{"line":54,"column":56}},"9":{"start":{"line":56,"column":54},"end":{"line":56,"column":81}},"10":{"start":{"line":57,"column":24},"end":{"line":57,"column":37}},"11":{"start":{"line":58,"column":21},"end":{"line":58,"column":34}},"12":{"start":{"line":60,"column":4},"end":{"line":62,"column":19}},"13":{"start":{"line":61,"column":8},"end":{"line":61,"column":44}},"14":{"start":{"line":64,"column":4},"end":{"line":66,"column":11}},"15":{"start":{"line":65,"column":8},"end":{"line":65,"column":74}},"16":{"start":{"line":68,"column":32},"end":{"line":70,"column":5}},"17":{"start":{"line":69,"column":8},"end":{"line":69,"column":51}},"18":{"start":{"line":72,"column":21},"end":{"line":79,"column":3}},"19":{"start":{"line":73,"column":6},"end":{"line":78,"column":5}},"20":{"start":{"line":74,"column":8},"end":{"line":74,"column":44}},"21":{"start":{"line":76,"column":6},"end":{"line":76,"column":100}},"22":{"start":{"line":76,"column":68},"end":{"line":76,"column":96}},"23":{"start":{"line":81,"column":4},"end":{"line":106,"column":6}}},"fnMap":{"0":{"name":"(anonymous_0)","decl":{"start":{"line":28,"column":12},"end":{"line":28,"column":13}},"loc":{"start":{"line":28,"column":28},"end":{"line":28,"column":62}},"line":28},"1":{"name":"(anonymous_1)","decl":{"start":{"line":34,"column":12},"end":{"line":34,"column":13}},"loc":{"start":{"line":34,"column":22},"end":{"line":34,"column":50}},"line":34},"2":{"name":"(anonymous_2)","decl":{"start":{"line":35,"column":12},"end":{"line":35,"column":13}},"loc":{"start":{"line":35,"column":22},"end":{"line":35,"column":35}},"line":35},"3":{"name":"(anonymous_3)","decl":{"start":{"line":41,"column":12},"end":{"line":41,"column":13}},"loc":{"start":{"line":41,"column":28},"end":{"line":41,"column":73}},"line":41},"4":{"name":"(anonymous_4)","decl":{"start":{"line":47,"column":12},"end":{"line":47,"column":13}},"loc":{"start":{"line":47,"column":28},"end":{"line":47,"column":72}},"line":47},"5":{"name":"(anonymous_5)","decl":{"start":{"line":53,"column":16},"end":{"line":53,"column":17}},"loc":{"start":{"line":53,"column":22},"end":{"line":107,"column":1}},"line":53},"6":{"name":"(anonymous_6)","decl":{"start":{"line":60,"column":14},"end":{"line":60,"column":15}},"loc":{"start":{"line":60,"column":20},"end":{"line":62,"column":5}},"line":60},"7":{"name":"(anonymous_7)","decl":{"start":{"line":64,"column":14},"end":{"line":64,"column":15}},"loc":{"start":{"line":64,"column":20},"end":{"line":66,"column":5}},"line":64},"8":{"name":"(anonymous_8)","decl":{"start":{"line":68,"column":32},"end":{"line":68,"column":33}},"loc":{"start":{"line":68,"column":38},"end":{"line":70,"column":5}},"line":68},"9":{"name":"(anonymous_9)","decl":{"start":{"line":72,"column":21},"end":{"line":72,"column":22}},"loc":{"start":{"line":72,"column":41},"end":{"line":79,"column":3}},"line":72},"10":{"name":"(anonymous_10)","decl":{"start":{"line":76,"column":55},"end":{"line":76,"column":56}},"loc":{"start":{"line":76,"column":68},"end":{"line":76,"column":96}},"line":76}},"branchMap":{"0":{"loc":{"start":{"line":73,"column":6},"end":{"line":78,"column":5}},"type":"if","locations":[{"start":{"line":73,"column":6},"end":{"line":78,"column":5}},{"start":{"line":75,"column":15},"end":{"line":78,"column":5}}],"line":73}},"s":{"0":0,"1":0,"2":0,"3":0,"4":0,"5":0,"6":0,"7":0,"8":0,"9":0,"10":0,"11":0,"12":0,"13":0,"14":0,"15":0,"16":0,"17":0,"18":0,"19":0,"20":0,"21":0,"22":0,"23":0},"f":{"0":0,"1":0,"2":0,"3":0,"4":0,"5":0,"6":0,"7":0,"8":0,"9":0,"10":0},"b":{"0":[0,0]}}
,"C:\\Users\\ravi.lima\\PROJETO VENDAS\\vendas-online-web\\src\\modules\\product\\screens\\ProductInsert.tsx": {"path":"C:\\Users\\ravi.lima\\PROJETO VENDAS\\vendas-online-web\\src\\modules\\product\\screens\\ProductInsert.tsx","statementMap":{"0":{"start":{"line":14,"column":22},"end":{"line":93,"column":1}},"1":{"start":{"line":16,"column":12},"end":{"line":16,"column":31}},"2":{"start":{"line":17,"column":31},"end":{"line":17,"column":44}},"3":{"start":{"line":19,"column":25},"end":{"line":19,"column":38}},"4":{"start":{"line":21,"column":35},"end":{"line":23,"column":9}},"5":{"start":{"line":22,"column":12},"end":{"line":22,"column":48}},"6":{"start":{"line":28,"column":4},"end":{"line":92,"column":6}},"7":{"start":{"line":45,"column":40},"end":{"line":45,"column":68}},"8":{"start":{"line":51,"column":40},"end":{"line":51,"column":69}},"9":{"start":{"line":57,"column":45},"end":{"line":57,"column":80}},"10":{"start":{"line":68,"column":46},"end":{"line":71,"column":13}}},"fnMap":{"0":{"name":"(anonymous_0)","decl":{"start":{"line":14,"column":22},"end":{"line":14,"column":23}},"loc":{"start":{"line":14,"column":28},"end":{"line":93,"column":1}},"line":14},"1":{"name":"(anonymous_1)","decl":{"start":{"line":21,"column":35},"end":{"line":21,"column":36}},"loc":{"start":{"line":21,"column":41},"end":{"line":23,"column":9}},"line":21},"2":{"name":"(anonymous_2)","decl":{"start":{"line":45,"column":29},"end":{"line":45,"column":30}},"loc":{"start":{"line":45,"column":40},"end":{"line":45,"column":68}},"line":45},"3":{"name":"(anonymous_3)","decl":{"start":{"line":51,"column":29},"end":{"line":51,"column":30}},"loc":{"start":{"line":51,"column":40},"end":{"line":51,"column":69}},"line":51},"4":{"name":"(anonymous_4)","decl":{"start":{"line":57,"column":34},"end":{"line":57,"column":35}},"loc":{"start":{"line":57,"column":45},"end":{"line":57,"column":80}},"line":57},"5":{"name":"(anonymous_5)","decl":{"start":{"line":68,"column":31},"end":{"line":68,"column":32}},"loc":{"start":{"line":68,"column":46},"end":{"line":71,"column":13}},"line":68}},"branchMap":{},"s":{"0":0,"1":0,"2":0,"3":0,"4":0,"5":0,"6":0,"7":0,"8":0,"9":0,"10":0},"f":{"0":0,"1":0,"2":0,"3":0,"4":0,"5":0},"b":{}}
,"C:\\Users\\ravi.lima\\PROJETO VENDAS\\vendas-online-web\\src\\modules\\product\\styles\\productInsert.style.ts": {"path":"C:\\Users\\ravi.lima\\PROJETO VENDAS\\vendas-online-web\\src\\modules\\product\\styles\\productInsert.style.ts","statementMap":{"0":{"start":{"line":3,"column":38},"end":{"line":7,"column":1}}},"fnMap":{},"branchMap":{},"s":{"0":0},"f":{},"b":{}}
,"C:\\Users\\ravi.lima\\PROJETO VENDAS\\vendas-online-web\\src\\modules\\product\\styles\\tooltipImage.style.ts": {"path":"C:\\Users\\ravi.lima\\PROJETO VENDAS\\vendas-online-web\\src\\modules\\product\\styles\\tooltipImage.style.ts","statementMap":{"0":{"start":{"line":3,"column":28},"end":{"line":5,"column":1}}},"fnMap":{},"branchMap":{},"s":{"0":0},"f":{},"b":{}}
,"C:\\Users\\ravi.lima\\PROJETO VENDAS\\vendas-online-web\\src\\shared\\components\\breadcrumb\\Breadcrumb.tsx": {"path":"C:\\Users\\ravi.lima\\PROJETO VENDAS\\vendas-online-web\\src\\shared\\components\\breadcrumb\\Breadcrumb.tsx","statementMap":{"0":{"start":{"line":13,"column":19},"end":{"line":37,"column":1}},"1":{"start":{"line":15,"column":21},"end":{"line":15,"column":34}},"2":{"start":{"line":17,"column":28},"end":{"line":19,"column":5}},"3":{"start":{"line":18,"column":8},"end":{"line":18,"column":29}},"4":{"start":{"line":21,"column":2},"end":{"line":36,"column":4}},"5":{"start":{"line":24,"column":8},"end":{"line":33,"column":30}},"6":{"start":{"line":27,"column":27},"end":{"line":27,"column":71}}},"fnMap":{"0":{"name":"(anonymous_0)","decl":{"start":{"line":13,"column":19},"end":{"line":13,"column":20}},"loc":{"start":{"line":13,"column":59},"end":{"line":37,"column":1}},"line":13},"1":{"name":"(anonymous_1)","decl":{"start":{"line":17,"column":28},"end":{"line":17,"column":29}},"loc":{"start":{"line":17,"column":52},"end":{"line":19,"column":5}},"line":17},"2":{"name":"(anonymous_2)","decl":{"start":{"line":23,"column":24},"end":{"line":23,"column":25}},"loc":{"start":{"line":24,"column":8},"end":{"line":33,"column":30}},"line":24},"3":{"name":"(anonymous_3)","decl":{"start":{"line":27,"column":21},"end":{"line":27,"column":22}},"loc":{"start":{"line":27,"column":27},"end":{"line":27,"column":71}},"line":27}},"branchMap":{"0":{"loc":{"start":{"line":25,"column":9},"end":{"line":32,"column":9}},"type":"cond-expr","locations":[{"start":{"line":26,"column":12},"end":{"line":29,"column":37}},{"start":{"line":31,"column":12},"end":{"line":31,"column":27}}],"line":25},"1":{"loc":{"start":{"line":27,"column":43},"end":{"line":27,"column":70}},"type":"binary-expr","locations":[{"start":{"line":27,"column":43},"end":{"line":27,"column":64}},{"start":{"line":27,"column":68},"end":{"line":27,"column":70}}],"line":27}},"s":{"0":0,"1":0,"2":0,"3":0,"4":0,"5":0,"6":0},"f":{"0":0,"1":0,"2":0,"3":0},"b":{"0":[0,0],"1":[0,0]}}
,"C:\\Users\\ravi.lima\\PROJETO VENDAS\\vendas-online-web\\src\\shared\\components\\buttons\\button\\Button.tsx": {"path":"C:\\Users\\ravi.lima\\PROJETO VENDAS\\vendas-online-web\\src\\shared\\components\\buttons\\button\\Button.tsx","statementMap":{"0":{"start":{"line":8,"column":15},"end":{"line":10,"column":1}},"1":{"start":{"line":9,"column":4},"end":{"line":9,"column":56}}},"fnMap":{"0":{"name":"(anonymous_0)","decl":{"start":{"line":8,"column":15},"end":{"line":8,"column":16}},"loc":{"start":{"line":8,"column":60},"end":{"line":10,"column":1}},"line":8}},"branchMap":{},"s":{"0":1,"1":1},"f":{"0":1},"b":{},"_coverageSchema":"1a1c01bbd47fc00a2c39e90264f33305004495a9","hash":"a800bf75308ff398fa0e8b8f97a76a4e1548e80e"}
,"C:\\Users\\ravi.lima\\PROJETO VENDAS\\vendas-online-web\\src\\shared\\components\\buttons\\button\\button.styles.ts": {"path":"C:\\Users\\ravi.lima\\PROJETO VENDAS\\vendas-online-web\\src\\shared\\components\\buttons\\button\\button.styles.ts","statementMap":{"0":{"start":{"line":4,"column":26},"end":{"line":6,"column":1}}},"fnMap":{},"branchMap":{},"s":{"0":1},"f":{},"b":{},"_coverageSchema":"1a1c01bbd47fc00a2c39e90264f33305004495a9","hash":"5f236dc5a220b9e0e5600f3d8c02916a362d90a2"}
,"C:\\Users\\ravi.lima\\PROJETO VENDAS\\vendas-online-web\\src\\shared\\components\\header\\Header.tsx": {"path":"C:\\Users\\ravi.lima\\PROJETO VENDAS\\vendas-online-web\\src\\shared\\components\\header\\Header.tsx","statementMap":{"0":{"start":{"line":8,"column":15},"end":{"line":38,"column":1}},"1":{"start":{"line":9,"column":21},"end":{"line":9,"column":34}},"2":{"start":{"line":10,"column":28},"end":{"line":10,"column":43}},"3":{"start":{"line":12,"column":20},"end":{"line":14,"column":3}},"4":{"start":{"line":13,"column":4},"end":{"line":13,"column":18}},"5":{"start":{"line":16,"column":20},"end":{"line":18,"column":3}},"6":{"start":{"line":17,"column":4},"end":{"line":17,"column":19}},"7":{"start":{"line":21,"column":4},"end":{"line":37,"column":6}},"8":{"start":{"line":26,"column":24},"end":{"line":26,"column":40}}},"fnMap":{"0":{"name":"(anonymous_0)","decl":{"start":{"line":8,"column":15},"end":{"line":8,"column":16}},"loc":{"start":{"line":8,"column":21},"end":{"line":38,"column":1}},"line":8},"1":{"name":"(anonymous_1)","decl":{"start":{"line":12,"column":20},"end":{"line":12,"column":21}},"loc":{"start":{"line":12,"column":26},"end":{"line":14,"column":3}},"line":12},"2":{"name":"(anonymous_2)","decl":{"start":{"line":16,"column":20},"end":{"line":16,"column":21}},"loc":{"start":{"line":16,"column":26},"end":{"line":18,"column":3}},"line":16},"3":{"name":"(anonymous_3)","decl":{"start":{"line":26,"column":18},"end":{"line":26,"column":19}},"loc":{"start":{"line":26,"column":24},"end":{"line":26,"column":40}},"line":26}},"branchMap":{},"s":{"0":0,"1":0,"2":0,"3":0,"4":0,"5":0,"6":0,"7":0,"8":0},"f":{"0":0,"1":0,"2":0,"3":0},"b":{}}
,"C:\\Users\\ravi.lima\\PROJETO VENDAS\\vendas-online-web\\src\\shared\\components\\header\\header.style.ts": {"path":"C:\\Users\\ravi.lima\\PROJETO VENDAS\\vendas-online-web\\src\\shared\\components\\header\\header.style.ts","statementMap":{"0":{"start":{"line":4,"column":31},"end":{"line":18,"column":1}},"1":{"start":{"line":20,"column":25},"end":{"line":22,"column":1}}},"fnMap":{},"branchMap":{},"s":{"0":0,"1":0},"f":{},"b":{}}
,"C:\\Users\\ravi.lima\\PROJETO VENDAS\\vendas-online-web\\src\\shared\\components\\icons\\SVGLogo.tsx": {"path":"C:\\Users\\ravi.lima\\PROJETO VENDAS\\vendas-online-web\\src\\shared\\components\\icons\\SVGLogo.tsx","statementMap":{"0":{"start":{"line":1,"column":16},"end":{"line":36,"column":1}},"1":{"start":{"line":2,"column":2},"end":{"line":35,"column":4}}},"fnMap":{"0":{"name":"(anonymous_0)","decl":{"start":{"line":1,"column":16},"end":{"line":1,"column":17}},"loc":{"start":{"line":1,"column":65},"end":{"line":36,"column":1}},"line":1}},"branchMap":{},"s":{"0":0,"1":0},"f":{"0":0},"b":{}}
,"C:\\Users\\ravi.lima\\PROJETO VENDAS\\vendas-online-web\\src\\shared\\components\\inputs\\input\\Input.tsx": {"path":"C:\\Users\\ravi.lima\\PROJETO VENDAS\\vendas-online-web\\src\\shared\\components\\inputs\\input\\Input.tsx","statementMap":{"0":{"start":{"line":12,"column":14},"end":{"line":19,"column":1}},"1":{"start":{"line":13,"column":4},"end":{"line":18,"column":6}}},"fnMap":{"0":{"name":"(anonymous_0)","decl":{"start":{"line":12,"column":14},"end":{"line":12,"column":15}},"loc":{"start":{"line":12,"column":59},"end":{"line":19,"column":1}},"line":12}},"branchMap":{"0":{"loc":{"start":{"line":15,"column":9},"end":{"line":15,"column":50}},"type":"binary-expr","locations":[{"start":{"line":15,"column":9},"end":{"line":15,"column":14}},{"start":{"line":15,"column":18},"end":{"line":15,"column":50}}],"line":15}},"s":{"0":0,"1":0},"f":{"0":0},"b":{"0":[0,0]}}
,"C:\\Users\\ravi.lima\\PROJETO VENDAS\\vendas-online-web\\src\\shared\\components\\inputs\\input\\input.styled.ts": {"path":"C:\\Users\\ravi.lima\\PROJETO VENDAS\\vendas-online-web\\src\\shared\\components\\inputs\\input\\input.styled.ts","statementMap":{"0":{"start":{"line":4,"column":17},"end":{"line":4,"column":27}},"1":{"start":{"line":5,"column":24},"end":{"line":7,"column":1}},"2":{"start":{"line":10,"column":26},"end":{"line":13,"column":1}}},"fnMap":{},"branchMap":{},"s":{"0":0,"1":0,"2":0},"f":{},"b":{}}
,"C:\\Users\\ravi.lima\\PROJETO VENDAS\\vendas-online-web\\src\\shared\\components\\inputs\\inputMoney\\InputMoney.tsx": {"path":"C:\\Users\\ravi.lima\\PROJETO VENDAS\\vendas-online-web\\src\\shared\\components\\inputs\\inputMoney\\InputMoney.tsx","statementMap":{"0":{"start":{"line":11,"column":21},"end":{"line":11,"column":22}},"1":{"start":{"line":13,"column":19},"end":{"line":51,"column":1}},"2":{"start":{"line":14,"column":44},"end":{"line":14,"column":72}},"3":{"start":{"line":16,"column":4},"end":{"line":23,"column":16}},"4":{"start":{"line":17,"column":28},"end":{"line":17,"column":38}},"5":{"start":{"line":19,"column":8},"end":{"line":21,"column":9}},"6":{"start":{"line":20,"column":12},"end":{"line":20,"column":86}},"7":{"start":{"line":26,"column":27},"end":{"line":44,"column":5}},"8":{"start":{"line":28,"column":29},"end":{"line":28,"column":64}},"9":{"start":{"line":30,"column":26},"end":{"line":30,"column":60}},"10":{"start":{"line":31,"column":25},"end":{"line":35,"column":18}},"11":{"start":{"line":37,"column":8},"end":{"line":43,"column":11}},"12":{"start":{"line":47,"column":4},"end":{"line":49,"column":6}}},"fnMap":{"0":{"name":"(anonymous_0)","decl":{"start":{"line":13,"column":19},"end":{"line":13,"column":20}},"loc":{"start":{"line":13,"column":89},"end":{"line":51,"column":1}},"line":13},"1":{"name":"(anonymous_1)","decl":{"start":{"line":16,"column":14},"end":{"line":16,"column":15}},"loc":{"start":{"line":16,"column":20},"end":{"line":23,"column":5}},"line":16},"2":{"name":"(anonymous_2)","decl":{"start":{"line":26,"column":27},"end":{"line":26,"column":28}},"loc":{"start":{"line":26,"column":75},"end":{"line":44,"column":5}},"line":26}},"branchMap":{"0":{"loc":{"start":{"line":13,"column":38},"end":{"line":13,"column":56}},"type":"default-arg","locations":[{"start":{"line":13,"column":52},"end":{"line":13,"column":56}}],"line":13},"1":{"loc":{"start":{"line":19,"column":8},"end":{"line":21,"column":9}},"type":"if","locations":[{"start":{"line":19,"column":8},"end":{"line":21,"column":9}},{"start":{},"end":{}}],"line":19}},"s":{"0":0,"1":0,"2":0,"3":0,"4":0,"5":0,"6":0,"7":0,"8":0,"9":0,"10":0,"11":0,"12":0},"f":{"0":0,"1":0,"2":0},"b":{"0":[0],"1":[0,0]}}
,"C:\\Users\\ravi.lima\\PROJETO VENDAS\\vendas-online-web\\src\\shared\\components\\inputs\\select\\Select.tsx": {"path":"C:\\Users\\ravi.lima\\PROJETO VENDAS\\vendas-online-web\\src\\shared\\components\\inputs\\select\\Select.tsx","statementMap":{"0":{"start":{"line":13,"column":15},"end":{"line":20,"column":1}},"1":{"start":{"line":14,"column":4},"end":{"line":19,"column":6}}},"fnMap":{"0":{"name":"(anonymous_0)","decl":{"start":{"line":13,"column":15},"end":{"line":13,"column":16}},"loc":{"start":{"line":13,"column":61},"end":{"line":20,"column":1}},"line":13}},"branchMap":{"0":{"loc":{"start":{"line":16,"column":9},"end":{"line":16,"column":52}},"type":"binary-expr","locations":[{"start":{"line":16,"column":9},"end":{"line":16,"column":14}},{"start":{"line":16,"column":18},"end":{"line":16,"column":52}}],"line":16}},"s":{"0":0,"1":0},"f":{"0":0},"b":{"0":[0,0]}}
,"C:\\Users\\ravi.lima\\PROJETO VENDAS\\vendas-online-web\\src\\shared\\components\\inputs\\select\\select.styled.ts": {"path":"C:\\Users\\ravi.lima\\PROJETO VENDAS\\vendas-online-web\\src\\shared\\components\\inputs\\select\\select.styled.ts","statementMap":{"0":{"start":{"line":4,"column":17},"end":{"line":4,"column":27}},"1":{"start":{"line":6,"column":25},"end":{"line":8,"column":1}},"2":{"start":{"line":11,"column":27},"end":{"line":13,"column":1}}},"fnMap":{},"branchMap":{},"s":{"0":0,"1":0,"2":0},"f":{},"b":{}}
,"C:\\Users\\ravi.lima\\PROJETO VENDAS\\vendas-online-web\\src\\shared\\components\\menu\\Menu.tsx": {"path":"C:\\Users\\ravi.lima\\PROJETO VENDAS\\vendas-online-web\\src\\shared\\components\\menu\\Menu.tsx","statementMap":{"0":{"start":{"line":12,"column":13},"end":{"line":94,"column":1}},"1":{"start":{"line":13,"column":21},"end":{"line":13,"column":34}},"2":{"start":{"line":14,"column":34},"end":{"line":14,"column":47}},"3":{"start":{"line":16,"column":30},"end":{"line":71,"column":1}},"4":{"start":{"line":30,"column":31},"end":{"line":30,"column":66}},"5":{"start":{"line":35,"column":31},"end":{"line":35,"column":73}},"6":{"start":{"line":48,"column":31},"end":{"line":48,"column":68}},"7":{"start":{"line":53,"column":31},"end":{"line":53,"column":75}},"8":{"start":{"line":73,"column":42},"end":{"line":75,"column":5}},"9":{"start":{"line":74,"column":4},"end":{"line":74,"column":22}},"10":{"start":{"line":77,"column":4},"end":{"line":93,"column":6}}},"fnMap":{"0":{"name":"(anonymous_0)","decl":{"start":{"line":12,"column":13},"end":{"line":12,"column":14}},"loc":{"start":{"line":12,"column":19},"end":{"line":94,"column":1}},"line":12},"1":{"name":"(anonymous_1)","decl":{"start":{"line":30,"column":25},"end":{"line":30,"column":26}},"loc":{"start":{"line":30,"column":31},"end":{"line":30,"column":66}},"line":30},"2":{"name":"(anonymous_2)","decl":{"start":{"line":35,"column":25},"end":{"line":35,"column":26}},"loc":{"start":{"line":35,"column":31},"end":{"line":35,"column":73}},"line":35},"3":{"name":"(anonymous_3)","decl":{"start":{"line":48,"column":25},"end":{"line":48,"column":26}},"loc":{"start":{"line":48,"column":31},"end":{"line":48,"column":68}},"line":48},"4":{"name":"(anonymous_4)","decl":{"start":{"line":53,"column":25},"end":{"line":53,"column":26}},"loc":{"start":{"line":53,"column":31},"end":{"line":53,"column":75}},"line":53},"5":{"name":"(anonymous_5)","decl":{"start":{"line":73,"column":42},"end":{"line":73,"column":43}},"loc":{"start":{"line":73,"column":49},"end":{"line":75,"column":5}},"line":73}},"branchMap":{},"s":{"0":0,"1":0,"2":0,"3":0,"4":0,"5":0,"6":0,"7":0,"8":0,"9":0,"10":0},"f":{"0":0,"1":0,"2":0,"3":0,"4":0,"5":0},"b":{}}
,"C:\\Users\\ravi.lima\\PROJETO VENDAS\\vendas-online-web\\src\\shared\\components\\menu\\menu.style.ts": {"path":"C:\\Users\\ravi.lima\\PROJETO VENDAS\\vendas-online-web\\src\\shared\\components\\menu\\menu.style.ts","statementMap":{"0":{"start":{"line":5,"column":17},"end":{"line":5,"column":27}},"1":{"start":{"line":7,"column":29},"end":{"line":19,"column":1}},"2":{"start":{"line":21,"column":33},"end":{"line":30,"column":1}},"3":{"start":{"line":32,"column":24},"end":{"line":36,"column":1}},"4":{"start":{"line":38,"column":27},"end":{"line":40,"column":1}}},"fnMap":{},"branchMap":{},"s":{"0":0,"1":0,"2":0,"3":0,"4":0},"f":{},"b":{}}
,"C:\\Users\\ravi.lima\\PROJETO VENDAS\\vendas-online-web\\src\\shared\\components\\screen\\Screen.tsx": {"path":"C:\\Users\\ravi.lima\\PROJETO VENDAS\\vendas-online-web\\src\\shared\\components\\screen\\Screen.tsx","statementMap":{"0":{"start":{"line":11,"column":15},"end":{"line":29,"column":1}},"1":{"start":{"line":12,"column":4},"end":{"line":28,"column":10}}},"fnMap":{"0":{"name":"(anonymous_0)","decl":{"start":{"line":11,"column":15},"end":{"line":11,"column":16}},"loc":{"start":{"line":11,"column":60},"end":{"line":29,"column":1}},"line":11}},"branchMap":{"0":{"loc":{"start":{"line":17,"column":9},"end":{"line":22,"column":9}},"type":"binary-expr","locations":[{"start":{"line":17,"column":9},"end":{"line":17,"column":23}},{"start":{"line":18,"column":8},"end":{"line":21,"column":11}}],"line":17}},"s":{"0":0,"1":0},"f":{"0":0},"b":{"0":[0,0]}}
,"C:\\Users\\ravi.lima\\PROJETO VENDAS\\vendas-online-web\\src\\shared\\components\\screen\\screen.style.ts": {"path":"C:\\Users\\ravi.lima\\PROJETO VENDAS\\vendas-online-web\\src\\shared\\components\\screen\\screen.style.ts","statementMap":{"0":{"start":{"line":3,"column":31},"end":{"line":9,"column":1}}},"fnMap":{},"branchMap":{},"s":{"0":0},"f":{},"b":{}}
,"C:\\Users\\ravi.lima\\PROJETO VENDAS\\vendas-online-web\\src\\shared\\components\\styles\\display.styled.ts": {"path":"C:\\Users\\ravi.lima\\PROJETO VENDAS\\vendas-online-web\\src\\shared\\components\\styles\\display.styled.ts","statementMap":{"0":{"start":{"line":7,"column":27},"end":{"line":9,"column":1}},"1":{"start":{"line":11,"column":39},"end":{"line":13,"column":1}},"2":{"start":{"line":15,"column":40},"end":{"line":17,"column":1}},"3":{"start":{"line":19,"column":41},"end":{"line":23,"column":1}},"4":{"start":{"line":22,"column":18},"end":{"line":22,"column":63}}},"fnMap":{"0":{"name":"(anonymous_0)","decl":{"start":{"line":22,"column":6},"end":{"line":22,"column":7}},"loc":{"start":{"line":22,"column":18},"end":{"line":22,"column":63}},"line":22}},"branchMap":{"0":{"loc":{"start":{"line":22,"column":18},"end":{"line":22,"column":63}},"type":"cond-expr","locations":[{"start":{"line":22,"column":33},"end":{"line":22,"column":58}},{"start":{"line":22,"column":61},"end":{"line":22,"column":63}}],"line":22}},"s":{"0":0,"1":0,"2":0,"3":0,"4":0},"f":{"0":0},"b":{"0":[0,0]}}
,"C:\\Users\\ravi.lima\\PROJETO VENDAS\\vendas-online-web\\src\\shared\\components\\styles\\limited.styled.ts": {"path":"C:\\Users\\ravi.lima\\PROJETO VENDAS\\vendas-online-web\\src\\shared\\components\\styles\\limited.styled.ts","statementMap":{"0":{"start":{"line":8,"column":32},"end":{"line":11,"column":1}},"1":{"start":{"line":9,"column":20},"end":{"line":9,"column":31}},"2":{"start":{"line":10,"column":13},"end":{"line":10,"column":58}}},"fnMap":{"0":{"name":"(anonymous_0)","decl":{"start":{"line":9,"column":9},"end":{"line":9,"column":10}},"loc":{"start":{"line":9,"column":20},"end":{"line":9,"column":31}},"line":9},"1":{"name":"(anonymous_1)","decl":{"start":{"line":10,"column":2},"end":{"line":10,"column":3}},"loc":{"start":{"line":10,"column":13},"end":{"line":10,"column":58}},"line":10}},"branchMap":{"0":{"loc":{"start":{"line":10,"column":13},"end":{"line":10,"column":58}},"type":"cond-expr","locations":[{"start":{"line":10,"column":28},"end":{"line":10,"column":53}},{"start":{"line":10,"column":56},"end":{"line":10,"column":58}}],"line":10}},"s":{"0":0,"1":0,"2":0},"f":{"0":0,"1":0},"b":{"0":[0,0]}}
,"C:\\Users\\ravi.lima\\PROJETO VENDAS\\vendas-online-web\\src\\shared\\components\\table\\Table.tsx": {"path":"C:\\Users\\ravi.lima\\PROJETO VENDAS\\vendas-online-web\\src\\shared\\components\\table\\Table.tsx","statementMap":{"0":{"start":{"line":4,"column":4},"end":{"line":4,"column":35}}},"fnMap":{"0":{"name":"Table","decl":{"start":{"line":3,"column":9},"end":{"line":3,"column":14}},"loc":{"start":{"line":3,"column":79},"end":{"line":5,"column":1}},"line":3}},"branchMap":{},"s":{"0":0},"f":{"0":0},"b":{}}
,"C:\\Users\\ravi.lima\\PROJETO VENDAS\\vendas-online-web\\src\\shared\\components\\tooltip\\Tooltip.tsx": {"path":"C:\\Users\\ravi.lima\\PROJETO VENDAS\\vendas-online-web\\src\\shared\\components\\tooltip\\Tooltip.tsx","statementMap":{"0":{"start":{"line":11,"column":16},"end":{"line":23,"column":1}},"1":{"start":{"line":12,"column":4},"end":{"line":14,"column":5}},"2":{"start":{"line":13,"column":8},"end":{"line":13,"column":60}},"3":{"start":{"line":16,"column":4},"end":{"line":22,"column":6}}},"fnMap":{"0":{"name":"(anonymous_0)","decl":{"start":{"line":11,"column":16},"end":{"line":11,"column":17}},"loc":{"start":{"line":11,"column":63},"end":{"line":23,"column":1}},"line":11}},"branchMap":{"0":{"loc":{"start":{"line":12,"column":4},"end":{"line":14,"column":5}},"type":"if","locations":[{"start":{"line":12,"column":4},"end":{"line":14,"column":5}},{"start":{},"end":{}}],"line":12}},"s":{"0":0,"1":0,"2":0,"3":0},"f":{"0":0},"b":{"0":[0,0]}}
,"C:\\Users\\ravi.lima\\PROJETO VENDAS\\vendas-online-web\\src\\shared\\components\\tooltip\\tooltip.style.ts": {"path":"C:\\Users\\ravi.lima\\PROJETO VENDAS\\vendas-online-web\\src\\shared\\components\\tooltip\\tooltip.style.ts","statementMap":{"0":{"start":{"line":3,"column":33},"end":{"line":11,"column":1}},"1":{"start":{"line":13,"column":32},"end":{"line":21,"column":1}}},"fnMap":{},"branchMap":{},"s":{"0":0,"1":0},"f":{},"b":{}}
,"C:\\Users\\ravi.lima\\PROJETO VENDAS\\vendas-online-web\\src\\shared\\constants\\authorizationConstants.ts": {"path":"C:\\Users\\ravi.lima\\PROJETO VENDAS\\vendas-online-web\\src\\shared\\constants\\authorizationConstants.ts","statementMap":{"0":{"start":{"line":1,"column":33},"end":{"line":1,"column":52}}},"fnMap":{},"branchMap":{},"s":{"0":0},"f":{},"b":{}}
,"C:\\Users\\ravi.lima\\PROJETO VENDAS\\vendas-online-web\\src\\shared\\constants\\errorsStatus.ts": {"path":"C:\\Users\\ravi.lima\\PROJETO VENDAS\\vendas-online-web\\src\\shared\\constants\\errorsStatus.ts","statementMap":{"0":{"start":{"line":1,"column":34},"end":{"line":1,"column":50}},"1":{"start":{"line":2,"column":32},"end":{"line":2,"column":50}},"2":{"start":{"line":3,"column":38},"end":{"line":3,"column":67}}},"fnMap":{},"branchMap":{},"s":{"0":0,"1":0,"2":0},"f":{},"b":{}}
,"C:\\Users\\ravi.lima\\PROJETO VENDAS\\vendas-online-web\\src\\shared\\constants\\urls.ts": {"path":"C:\\Users\\ravi.lima\\PROJETO VENDAS\\vendas-online-web\\src\\shared\\constants\\urls.ts","statementMap":{"0":{"start":{"line":1,"column":24},"end":{"line":1,"column":52}},"1":{"start":{"line":3,"column":24},"end":{"line":3,"column":52}},"2":{"start":{"line":5,"column":27},"end":{"line":5,"column":58}},"3":{"start":{"line":7,"column":28},"end":{"line":7,"column":60}}},"fnMap":{},"branchMap":{},"s":{"0":0,"1":0,"2":0,"3":0},"f":{},"b":{}}
,"C:\\Users\\ravi.lima\\PROJETO VENDAS\\vendas-online-web\\src\\shared\\dtos\\InsertProduct.dto.ts": {"path":"C:\\Users\\ravi.lima\\PROJETO VENDAS\\vendas-online-web\\src\\shared\\dtos\\InsertProduct.dto.ts","statementMap":{},"fnMap":{},"branchMap":{},"s":{},"f":{},"b":{}}
,"C:\\Users\\ravi.lima\\PROJETO VENDAS\\vendas-online-web\\src\\shared\\enums\\methods.enum.ts": {"path":"C:\\Users\\ravi.lima\\PROJETO VENDAS\\vendas-online-web\\src\\shared\\enums\\methods.enum.ts","statementMap":{},"fnMap":{},"branchMap":{},"s":{},"f":{},"b":{}}
,"C:\\Users\\ravi.lima\\PROJETO VENDAS\\vendas-online-web\\src\\shared\\functions\\money.ts": {"path":"C:\\Users\\ravi.lima\\PROJETO VENDAS\\vendas-online-web\\src\\shared\\functions\\money.ts","statementMap":{"0":{"start":{"line":1,"column":36},"end":{"line":3,"column":1}},"1":{"start":{"line":2,"column":4},"end":{"line":2,"column":79}}},"fnMap":{"0":{"name":"(anonymous_0)","decl":{"start":{"line":1,"column":36},"end":{"line":1,"column":37}},"loc":{"start":{"line":1,"column":64},"end":{"line":3,"column":1}},"line":1}},"branchMap":{},"s":{"0":0,"1":0},"f":{"0":0},"b":{}}
,"C:\\Users\\ravi.lima\\PROJETO VENDAS\\vendas-online-web\\src\\shared\\functions\\connection\\auth.ts": {"path":"C:\\Users\\ravi.lima\\PROJETO VENDAS\\vendas-online-web\\src\\shared\\functions\\connection\\auth.ts","statementMap":{"0":{"start":{"line":9,"column":39},"end":{"line":9,"column":81}},"1":{"start":{"line":9,"column":45},"end":{"line":9,"column":81}},"2":{"start":{"line":11,"column":37},"end":{"line":15,"column":1}},"3":{"start":{"line":12,"column":4},"end":{"line":14,"column":5}},"4":{"start":{"line":13,"column":8},"end":{"line":13,"column":49}},"5":{"start":{"line":17,"column":37},"end":{"line":17,"column":76}},"6":{"start":{"line":17,"column":43},"end":{"line":17,"column":76}},"7":{"start":{"line":19,"column":30},"end":{"line":32,"column":1}},"8":{"start":{"line":20,"column":18},"end":{"line":20,"column":41}},"9":{"start":{"line":21,"column":4},"end":{"line":23,"column":5}},"10":{"start":{"line":22,"column":8},"end":{"line":22,"column":46}},"11":{"start":{"line":24,"column":17},"end":{"line":26,"column":6}},"12":{"start":{"line":25,"column":8},"end":{"line":25,"column":34}},"13":{"start":{"line":28,"column":4},"end":{"line":30,"column":5}},"14":{"start":{"line":29,"column":8},"end":{"line":29,"column":47}},"15":{"start":{"line":31,"column":4},"end":{"line":31,"column":16}},"16":{"start":{"line":34,"column":22},"end":{"line":37,"column":1}},"17":{"start":{"line":35,"column":4},"end":{"line":35,"column":30}},"18":{"start":{"line":36,"column":4},"end":{"line":36,"column":36}}},"fnMap":{"0":{"name":"(anonymous_0)","decl":{"start":{"line":9,"column":39},"end":{"line":9,"column":40}},"loc":{"start":{"line":9,"column":45},"end":{"line":9,"column":81}},"line":9},"1":{"name":"(anonymous_1)","decl":{"start":{"line":11,"column":37},"end":{"line":11,"column":38}},"loc":{"start":{"line":11,"column":56},"end":{"line":15,"column":1}},"line":11},"2":{"name":"(anonymous_2)","decl":{"start":{"line":17,"column":37},"end":{"line":17,"column":38}},"loc":{"start":{"line":17,"column":43},"end":{"line":17,"column":76}},"line":17},"3":{"name":"(anonymous_3)","decl":{"start":{"line":19,"column":30},"end":{"line":19,"column":31}},"loc":{"start":{"line":19,"column":42},"end":{"line":32,"column":1}},"line":19},"4":{"name":"(anonymous_4)","decl":{"start":{"line":24,"column":66},"end":{"line":24,"column":67}},"loc":{"start":{"line":24,"column":72},"end":{"line":26,"column":5}},"line":24},"5":{"name":"(anonymous_5)","decl":{"start":{"line":34,"column":22},"end":{"line":34,"column":23}},"loc":{"start":{"line":34,"column":54},"end":{"line":37,"column":1}},"line":34}},"branchMap":{"0":{"loc":{"start":{"line":12,"column":4},"end":{"line":14,"column":5}},"type":"if","locations":[{"start":{"line":12,"column":4},"end":{"line":14,"column":5}},{"start":{},"end":{}}],"line":12},"1":{"loc":{"start":{"line":21,"column":4},"end":{"line":23,"column":5}},"type":"if","locations":[{"start":{"line":21,"column":4},"end":{"line":23,"column":5}},{"start":{},"end":{}}],"line":21},"2":{"loc":{"start":{"line":28,"column":4},"end":{"line":30,"column":5}},"type":"if","locations":[{"start":{"line":28,"column":4},"end":{"line":30,"column":5}},{"start":{},"end":{}}],"line":28}},"s":{"0":0,"1":0,"2":0,"3":0,"4":0,"5":0,"6":0,"7":0,"8":0,"9":0,"10":0,"11":0,"12":0,"13":0,"14":0,"15":0,"16":0,"17":0,"18":0},"f":{"0":0,"1":0,"2":0,"3":0,"4":0,"5":0},"b":{"0":[0,0],"1":[0,0],"2":[0,0]}}
,"C:\\Users\\ravi.lima\\PROJETO VENDAS\\vendas-online-web\\src\\shared\\functions\\connection\\connectionAPI.ts": {"path":"C:\\Users\\ravi.lima\\PROJETO VENDAS\\vendas-online-web\\src\\shared\\functions\\connection\\connectionAPI.ts","statementMap":{"0":{"start":{"line":11,"column":42},"end":{"line":16,"column":9}},"1":{"start":{"line":17,"column":8},"end":{"line":26,"column":9}},"2":{"start":{"line":21,"column":16},"end":{"line":21,"column":72}},"3":{"start":{"line":25,"column":16},"end":{"line":25,"column":63}},"4":{"start":{"line":30,"column":4},"end":{"line":42,"column":7}},"5":{"start":{"line":31,"column":8},"end":{"line":39,"column":9}},"6":{"start":{"line":32,"column":12},"end":{"line":38,"column":13}},"7":{"start":{"line":35,"column":20},"end":{"line":35,"column":56}},"8":{"start":{"line":37,"column":20},"end":{"line":37,"column":54}},"9":{"start":{"line":40,"column":8},"end":{"line":40,"column":42}},"10":{"start":{"line":46,"column":32},"end":{"line":48,"column":1}},"11":{"start":{"line":47,"column":4},"end":{"line":47,"column":58}},"12":{"start":{"line":50,"column":33},"end":{"line":52,"column":1}},"13":{"start":{"line":51,"column":4},"end":{"line":51,"column":65}},"14":{"start":{"line":54,"column":35},"end":{"line":56,"column":1}},"15":{"start":{"line":55,"column":4},"end":{"line":55,"column":61}},"16":{"start":{"line":58,"column":34},"end":{"line":60,"column":1}},"17":{"start":{"line":59,"column":4},"end":{"line":59,"column":67}},"18":{"start":{"line":62,"column":32},"end":{"line":64,"column":1}},"19":{"start":{"line":63,"column":4},"end":{"line":63,"column":65}}},"fnMap":{"0":{"name":"(anonymous_0)","decl":{"start":{"line":10,"column":4},"end":{"line":10,"column":5}},"loc":{"start":{"line":10,"column":86},"end":{"line":27,"column":5}},"line":10},"1":{"name":"(anonymous_1)","decl":{"start":{"line":29,"column":4},"end":{"line":29,"column":5}},"loc":{"start":{"line":29,"column":89},"end":{"line":43,"column":4}},"line":29},"2":{"name":"(anonymous_2)","decl":{"start":{"line":30,"column":58},"end":{"line":30,"column":59}},"loc":{"start":{"line":30,"column":69},"end":{"line":42,"column":5}},"line":30},"3":{"name":"(anonymous_3)","decl":{"start":{"line":46,"column":32},"end":{"line":46,"column":33}},"loc":{"start":{"line":46,"column":70},"end":{"line":48,"column":1}},"line":46},"4":{"name":"(anonymous_4)","decl":{"start":{"line":50,"column":33},"end":{"line":50,"column":34}},"loc":{"start":{"line":50,"column":87},"end":{"line":52,"column":1}},"line":50},"5":{"name":"(anonymous_5)","decl":{"start":{"line":54,"column":35},"end":{"line":54,"column":36}},"loc":{"start":{"line":54,"column":73},"end":{"line":56,"column":1}},"line":54},"6":{"name":"(anonymous_6)","decl":{"start":{"line":58,"column":34},"end":{"line":58,"column":35}},"loc":{"start":{"line":58,"column":87},"end":{"line":60,"column":1}},"line":58},"7":{"name":"(anonymous_7)","decl":{"start":{"line":62,"column":32},"end":{"line":62,"column":33}},"loc":{"start":{"line":62,"column":85},"end":{"line":64,"column":1}},"line":62}},"branchMap":{"0":{"loc":{"start":{"line":17,"column":8},"end":{"line":26,"column":9}},"type":"switch","locations":[{"start":{"line":18,"column":12},"end":{"line":18,"column":34}},{"start":{"line":19,"column":12},"end":{"line":19,"column":36}},{"start":{"line":20,"column":12},"end":{"line":21,"column":72}},{"start":{"line":22,"column":12},"end":{"line":22,"column":33}},{"start":{"line":23,"column":12},"end":{"line":23,"column":33}},{"start":{"line":24,"column":12},"end":{"line":25,"column":63}}],"line":17},"1":{"loc":{"start":{"line":31,"column":8},"end":{"line":39,"column":9}},"type":"if","locations":[{"start":{"line":31,"column":8},"end":{"line":39,"column":9}},{"start":{},"end":{}}],"line":31},"2":{"loc":{"start":{"line":32,"column":12},"end":{"line":38,"column":13}},"type":"switch","locations":[{"start":{"line":33,"column":16},"end":{"line":33,"column":25}},{"start":{"line":34,"column":16},"end":{"line":35,"column":56}},{"start":{"line":36,"column":16},"end":{"line":37,"column":54}}],"line":32}},"s":{"0":0,"1":0,"2":0,"3":0,"4":0,"5":0,"6":0,"7":0,"8":0,"9":0,"10":0,"11":0,"12":0,"13":0,"14":0,"15":0,"16":0,"17":0,"18":0,"19":0},"f":{"0":0,"1":0,"2":0,"3":0,"4":0,"5":0,"6":0,"7":0},"b":{"0":[0,0,0,0,0,0],"1":[0,0],"2":[0,0,0]}}
,"C:\\Users\\ravi.lima\\PROJETO VENDAS\\vendas-online-web\\src\\shared\\functions\\connection\\storageProxy.ts": {"path":"C:\\Users\\ravi.lima\\PROJETO VENDAS\\vendas-online-web\\src\\shared\\functions\\connection\\storageProxy.ts","statementMap":{"0":{"start":{"line":1,"column":30},"end":{"line":1,"column":94}},"1":{"start":{"line":1,"column":62},"end":{"line":1,"column":94}},"2":{"start":{"line":3,"column":33},"end":{"line":3,"column":78}},"3":{"start":{"line":3,"column":50},"end":{"line":3,"column":78}},"4":{"start":{"line":5,"column":30},"end":{"line":5,"column":72}},"5":{"start":{"line":5,"column":47},"end":{"line":5,"column":72}}},"fnMap":{"0":{"name":"(anonymous_0)","decl":{"start":{"line":1,"column":30},"end":{"line":1,"column":31}},"loc":{"start":{"line":1,"column":62},"end":{"line":1,"column":94}},"line":1},"1":{"name":"(anonymous_1)","decl":{"start":{"line":3,"column":33},"end":{"line":3,"column":34}},"loc":{"start":{"line":3,"column":50},"end":{"line":3,"column":78}},"line":3},"2":{"name":"(anonymous_2)","decl":{"start":{"line":5,"column":30},"end":{"line":5,"column":31}},"loc":{"start":{"line":5,"column":47},"end":{"line":5,"column":72}},"line":5}},"branchMap":{},"s":{"0":0,"1":0,"2":0,"3":0,"4":0,"5":0},"f":{"0":0,"1":0,"2":0},"b":{}}
,"C:\\Users\\ravi.lima\\PROJETO VENDAS\\vendas-online-web\\src\\shared\\hooks\\useNotification.ts": {"path":"C:\\Users\\ravi.lima\\PROJETO VENDAS\\vendas-online-web\\src\\shared\\hooks\\useNotification.ts","statementMap":{"0":{"start":{"line":5,"column":31},"end":{"line":24,"column":1}},"1":{"start":{"line":6,"column":33},"end":{"line":6,"column":67}},"2":{"start":{"line":7,"column":29},"end":{"line":7,"column":47}},"3":{"start":{"line":9,"column":4},"end":{"line":17,"column":23}},"4":{"start":{"line":10,"column":8},"end":{"line":16,"column":5}},"5":{"start":{"line":11,"column":12},"end":{"line":15,"column":7}},"6":{"start":{"line":20,"column":4},"end":{"line":23,"column":5}}},"fnMap":{"0":{"name":"(anonymous_0)","decl":{"start":{"line":5,"column":31},"end":{"line":5,"column":32}},"loc":{"start":{"line":5,"column":37},"end":{"line":24,"column":1}},"line":5},"1":{"name":"(anonymous_1)","decl":{"start":{"line":9,"column":14},"end":{"line":9,"column":15}},"loc":{"start":{"line":9,"column":20},"end":{"line":17,"column":5}},"line":9}},"branchMap":{"0":{"loc":{"start":{"line":10,"column":8},"end":{"line":16,"column":5}},"type":"if","locations":[{"start":{"line":10,"column":8},"end":{"line":16,"column":5}},{"start":{},"end":{}}],"line":10},"1":{"loc":{"start":{"line":10,"column":12},"end":{"line":10,"column":54}},"type":"binary-expr","locations":[{"start":{"line":10,"column":12},"end":{"line":10,"column":33}},{"start":{"line":10,"column":37},"end":{"line":10,"column":54}}],"line":10}},"s":{"0":0,"1":0,"2":0,"3":0,"4":0,"5":0,"6":0},"f":{"0":0,"1":0},"b":{"0":[0,0],"1":[0,0]}}
,"C:\\Users\\ravi.lima\\PROJETO VENDAS\\vendas-online-web\\src\\shared\\hooks\\useRequest.ts": {"path":"C:\\Users\\ravi.lima\\PROJETO VENDAS\\vendas-online-web\\src\\shared\\hooks\\useRequest.ts","statementMap":{"0":{"start":{"line":11,"column":27},"end":{"line":65,"column":1}},"1":{"start":{"line":12,"column":34},"end":{"line":12,"column":49}},"2":{"start":{"line":13,"column":41},"end":{"line":13,"column":59}},"3":{"start":{"line":16,"column":20},"end":{"line":39,"column":5}},"4":{"start":{"line":22,"column":8},"end":{"line":22,"column":25}},"5":{"start":{"line":24,"column":44},"end":{"line":34,"column":14}},"6":{"start":{"line":26,"column":16},"end":{"line":28,"column":17}},"7":{"start":{"line":27,"column":16},"end":{"line":27,"column":35}},"8":{"start":{"line":29,"column":16},"end":{"line":29,"column":30}},"9":{"start":{"line":32,"column":14},"end":{"line":32,"column":54}},"10":{"start":{"line":33,"column":14},"end":{"line":33,"column":31}},"11":{"start":{"line":36,"column":8},"end":{"line":36,"column":26}},"12":{"start":{"line":38,"column":8},"end":{"line":38,"column":28}},"13":{"start":{"line":42,"column":24},"end":{"line":58,"column":5}},"14":{"start":{"line":43,"column":6},"end":{"line":43,"column":23}},"15":{"start":{"line":45,"column":8},"end":{"line":55,"column":11}},"16":{"start":{"line":47,"column":12},"end":{"line":47,"column":33}},"17":{"start":{"line":48,"column":12},"end":{"line":48,"column":54}},"18":{"start":{"line":49,"column":12},"end":{"line":49,"column":57}},"19":{"start":{"line":50,"column":12},"end":{"line":50,"column":26}},"20":{"start":{"line":53,"column":12},"end":{"line":53,"column":61}},"21":{"start":{"line":54,"column":12},"end":{"line":54,"column":29}},"22":{"start":{"line":57,"column":8},"end":{"line":57,"column":26}},"23":{"start":{"line":60,"column":4},"end":{"line":64,"column":6}}},"fnMap":{"0":{"name":"(anonymous_0)","decl":{"start":{"line":11,"column":27},"end":{"line":11,"column":28}},"loc":{"start":{"line":11,"column":33},"end":{"line":65,"column":1}},"line":11},"1":{"name":"(anonymous_1)","decl":{"start":{"line":16,"column":20},"end":{"line":16,"column":21}},"loc":{"start":{"line":21,"column":33},"end":{"line":39,"column":5}},"line":21},"2":{"name":"(anonymous_2)","decl":{"start":{"line":25,"column":18},"end":{"line":25,"column":19}},"loc":{"start":{"line":25,"column":30},"end":{"line":30,"column":13}},"line":25},"3":{"name":"(anonymous_3)","decl":{"start":{"line":31,"column":19},"end":{"line":31,"column":20}},"loc":{"start":{"line":31,"column":37},"end":{"line":34,"column":13}},"line":31},"4":{"name":"(anonymous_4)","decl":{"start":{"line":42,"column":24},"end":{"line":42,"column":25}},"loc":{"start":{"line":42,"column":92},"end":{"line":58,"column":5}},"line":42},"5":{"name":"(anonymous_5)","decl":{"start":{"line":46,"column":14},"end":{"line":46,"column":15}},"loc":{"start":{"line":46,"column":26},"end":{"line":51,"column":9}},"line":46},"6":{"name":"(anonymous_6)","decl":{"start":{"line":52,"column":15},"end":{"line":52,"column":16}},"loc":{"start":{"line":52,"column":21},"end":{"line":55,"column":9}},"line":52}},"branchMap":{"0":{"loc":{"start":{"line":26,"column":16},"end":{"line":28,"column":17}},"type":"if","locations":[{"start":{"line":26,"column":16},"end":{"line":28,"column":17}},{"start":{},"end":{}}],"line":26}},"s":{"0":0,"1":0,"2":0,"3":0,"4":0,"5":0,"6":0,"7":0,"8":0,"9":0,"10":0,"11":0,"12":0,"13":0,"14":0,"15":0,"16":0,"17":0,"18":0,"19":0,"20":0,"21":0,"22":0,"23":0},"f":{"0":0,"1":0,"2":0,"3":0,"4":0,"5":0,"6":0},"b":{"0":[0,0]}}
,"C:\\Users\\ravi.lima\\PROJETO VENDAS\\vendas-online-web\\src\\shared\\types\\CategoryType.ts": {"path":"C:\\Users\\ravi.lima\\PROJETO VENDAS\\vendas-online-web\\src\\shared\\types\\CategoryType.ts","statementMap":{},"fnMap":{},"branchMap":{},"s":{},"f":{},"b":{}}
,"C:\\Users\\ravi.lima\\PROJETO VENDAS\\vendas-online-web\\src\\shared\\types\\NotificationType.ts": {"path":"C:\\Users\\ravi.lima\\PROJETO VENDAS\\vendas-online-web\\src\\shared\\types\\NotificationType.ts","statementMap":{},"fnMap":{},"branchMap":{},"s":{},"f":{},"b":{}}
,"C:\\Users\\ravi.lima\\PROJETO VENDAS\\vendas-online-web\\src\\shared\\types\\ProductType.ts": {"path":"C:\\Users\\ravi.lima\\PROJETO VENDAS\\vendas-online-web\\src\\shared\\types\\ProductType.ts","statementMap":{},"fnMap":{},"branchMap":{},"s":{},"f":{},"b":{}}
,"C:\\Users\\ravi.lima\\PROJETO VENDAS\\vendas-online-web\\src\\store\\hooks.ts": {"path":"C:\\Users\\ravi.lima\\PROJETO VENDAS\\vendas-online-web\\src\\store\\hooks.ts","statementMap":{"0":{"start":{"line":4,"column":30},"end":{"line":4,"column":64}}},"fnMap":{},"branchMap":{},"s":{"0":0},"f":{},"b":{}}
,"C:\\Users\\ravi.lima\\PROJETO VENDAS\\vendas-online-web\\src\\store\\index.ts": {"path":"C:\\Users\\ravi.lima\\PROJETO VENDAS\\vendas-online-web\\src\\store\\index.ts","statementMap":{"0":{"start":{"line":9,"column":21},"end":{"line":15,"column":2}}},"fnMap":{},"branchMap":{},"s":{"0":0},"f":{},"b":{}}
,"C:\\Users\\ravi.lima\\PROJETO VENDAS\\vendas-online-web\\src\\store\\reducers\\categoryReducer\\index.ts": {"path":"C:\\Users\\ravi.lima\\PROJETO VENDAS\\vendas-online-web\\src\\store\\reducers\\categoryReducer\\index.ts","statementMap":{"0":{"start":{"line":8,"column":37},"end":{"line":10,"column":1}},"1":{"start":{"line":12,"column":28},"end":{"line":20,"column":2}},"2":{"start":{"line":17,"column":6},"end":{"line":17,"column":40}},"3":{"start":{"line":22,"column":39},"end":{"line":22,"column":59}}},"fnMap":{"0":{"name":"(anonymous_0)","decl":{"start":{"line":16,"column":25},"end":{"line":16,"column":26}},"loc":{"start":{"line":16,"column":75},"end":{"line":18,"column":5}},"line":16}},"branchMap":{},"s":{"0":0,"1":0,"2":0,"3":0},"f":{"0":0},"b":{}}
,"C:\\Users\\ravi.lima\\PROJETO VENDAS\\vendas-online-web\\src\\store\\reducers\\categoryReducer\\useCategoryReducer.ts": {"path":"C:\\Users\\ravi.lima\\PROJETO VENDAS\\vendas-online-web\\src\\store\\reducers\\categoryReducer\\useCategoryReducer.ts","statementMap":{"0":{"start":{"line":6,"column":34},"end":{"line":18,"column":1}},"1":{"start":{"line":7,"column":21},"end":{"line":7,"column":34}},"2":{"start":{"line":8,"column":26},"end":{"line":8,"column":74}},"3":{"start":{"line":8,"column":52},"end":{"line":8,"column":73}},"4":{"start":{"line":10,"column":26},"end":{"line":12,"column":5}},"5":{"start":{"line":11,"column":8},"end":{"line":11,"column":57}},"6":{"start":{"line":14,"column":4},"end":{"line":17,"column":6}}},"fnMap":{"0":{"name":"(anonymous_0)","decl":{"start":{"line":6,"column":34},"end":{"line":6,"column":35}},"loc":{"start":{"line":6,"column":40},"end":{"line":18,"column":1}},"line":6},"1":{"name":"(anonymous_1)","decl":{"start":{"line":8,"column":41},"end":{"line":8,"column":42}},"loc":{"start":{"line":8,"column":52},"end":{"line":8,"column":73}},"line":8},"2":{"name":"(anonymous_2)","decl":{"start":{"line":10,"column":26},"end":{"line":10,"column":27}},"loc":{"start":{"line":10,"column":65},"end":{"line":12,"column":5}},"line":10}},"branchMap":{},"s":{"0":0,"1":0,"2":0,"3":0,"4":0,"5":0,"6":0},"f":{"0":0,"1":0,"2":0},"b":{}}
,"C:\\Users\\ravi.lima\\PROJETO VENDAS\\vendas-online-web\\src\\store\\reducers\\globalReducer\\index.ts": {"path":"C:\\Users\\ravi.lima\\PROJETO VENDAS\\vendas-online-web\\src\\store\\reducers\\globalReducer\\index.ts","statementMap":{"0":{"start":{"line":10,"column":34},"end":{"line":13,"column":1}},"1":{"start":{"line":15,"column":28},"end":{"line":27,"column":2}},"2":{"start":{"line":21,"column":6},"end":{"line":21,"column":42}},"3":{"start":{"line":24,"column":6},"end":{"line":24,"column":34}},"4":{"start":{"line":29,"column":56},"end":{"line":29,"column":76}}},"fnMap":{"0":{"name":"(anonymous_0)","decl":{"start":{"line":20,"column":27},"end":{"line":20,"column":28}},"loc":{"start":{"line":20,"column":79},"end":{"line":22,"column":5}},"line":20},"1":{"name":"(anonymous_1)","decl":{"start":{"line":23,"column":19},"end":{"line":23,"column":20}},"loc":{"start":{"line":23,"column":63},"end":{"line":25,"column":5}},"line":23}},"branchMap":{},"s":{"0":0,"1":0,"2":0,"3":0,"4":0},"f":{"0":0,"1":0},"b":{}}
,"C:\\Users\\ravi.lima\\PROJETO VENDAS\\vendas-online-web\\src\\store\\reducers\\globalReducer\\useGlobalReducer.ts": {"path":"C:\\Users\\ravi.lima\\PROJETO VENDAS\\vendas-online-web\\src\\store\\reducers\\globalReducer\\useGlobalReducer.ts","statementMap":{"0":{"start":{"line":7,"column":32},"end":{"line":32,"column":1}},"1":{"start":{"line":8,"column":21},"end":{"line":8,"column":34}},"2":{"start":{"line":9,"column":35},"end":{"line":9,"column":81}},"3":{"start":{"line":9,"column":61},"end":{"line":9,"column":80}},"4":{"start":{"line":12,"column":28},"end":{"line":20,"column":5}},"5":{"start":{"line":13,"column":8},"end":{"line":19,"column":10}},"6":{"start":{"line":22,"column":20},"end":{"line":24,"column":9}},"7":{"start":{"line":23,"column":8},"end":{"line":23,"column":38}},"8":{"start":{"line":26,"column":4},"end":{"line":31,"column":6}}},"fnMap":{"0":{"name":"(anonymous_0)","decl":{"start":{"line":7,"column":32},"end":{"line":7,"column":33}},"loc":{"start":{"line":7,"column":38},"end":{"line":32,"column":1}},"line":7},"1":{"name":"(anonymous_1)","decl":{"start":{"line":9,"column":50},"end":{"line":9,"column":51}},"loc":{"start":{"line":9,"column":61},"end":{"line":9,"column":80}},"line":9},"2":{"name":"(anonymous_2)","decl":{"start":{"line":12,"column":28},"end":{"line":12,"column":29}},"loc":{"start":{"line":12,"column":95},"end":{"line":20,"column":5}},"line":12},"3":{"name":"(anonymous_3)","decl":{"start":{"line":22,"column":20},"end":{"line":22,"column":21}},"loc":{"start":{"line":22,"column":40},"end":{"line":24,"column":9}},"line":22}},"branchMap":{},"s":{"0":0,"1":0,"2":0,"3":0,"4":0,"5":0,"6":0,"7":0,"8":0},"f":{"0":0,"1":0,"2":0,"3":0},"b":{}}
,"C:\\Users\\ravi.lima\\PROJETO VENDAS\\vendas-online-web\\src\\store\\reducers\\productReducer\\index.ts": {"path":"C:\\Users\\ravi.lima\\PROJETO VENDAS\\vendas-online-web\\src\\store\\reducers\\productReducer\\index.ts","statementMap":{"0":{"start":{"line":8,"column":35},"end":{"line":10,"column":1}},"1":{"start":{"line":12,"column":28},"end":{"line":20,"column":2}},"2":{"start":{"line":17,"column":6},"end":{"line":17,"column":38}},"3":{"start":{"line":22,"column":37},"end":{"line":22,"column":57}}},"fnMap":{"0":{"name":"(anonymous_0)","decl":{"start":{"line":16,"column":23},"end":{"line":16,"column":24}},"loc":{"start":{"line":16,"column":72},"end":{"line":18,"column":5}},"line":16}},"branchMap":{},"s":{"0":0,"1":0,"2":0,"3":0},"f":{"0":0},"b":{}}
,"C:\\Users\\ravi.lima\\PROJETO VENDAS\\vendas-online-web\\src\\store\\reducers\\productReducer\\useProductReducer.ts": {"path":"C:\\Users\\ravi.lima\\PROJETO VENDAS\\vendas-online-web\\src\\store\\reducers\\productReducer\\useProductReducer.ts","statementMap":{"0":{"start":{"line":6,"column":33},"end":{"line":18,"column":1}},"1":{"start":{"line":7,"column":21},"end":{"line":7,"column":34}},"2":{"start":{"line":8,"column":25},"end":{"line":8,"column":72}},"3":{"start":{"line":8,"column":51},"end":{"line":8,"column":71}},"4":{"start":{"line":10,"column":24},"end":{"line":12,"column":5}},"5":{"start":{"line":11,"column":8},"end":{"line":11,"column":46}},"6":{"start":{"line":14,"column":4},"end":{"line":17,"column":6}}},"fnMap":{"0":{"name":"(anonymous_0)","decl":{"start":{"line":6,"column":33},"end":{"line":6,"column":34}},"loc":{"start":{"line":6,"column":39},"end":{"line":18,"column":1}},"line":6},"1":{"name":"(anonymous_1)","decl":{"start":{"line":8,"column":40},"end":{"line":8,"column":41}},"loc":{"start":{"line":8,"column":51},"end":{"line":8,"column":71}},"line":8},"2":{"name":"(anonymous_2)","decl":{"start":{"line":10,"column":24},"end":{"line":10,"column":25}},"loc":{"start":{"line":10,"column":53},"end":{"line":12,"column":5}},"line":10}},"branchMap":{},"s":{"0":0,"1":0,"2":0,"3":0,"4":0,"5":0,"6":0},"f":{"0":0,"1":0,"2":0},"b":{}}
}
